<?xml version="1.0" encoding="UTF-8"?>
<!-- Generated by org.testng.reporters.JUnitReportReporter -->
<testsuite hostname="VIVEK" failures="0" tests="1" name="com.actitime.testscript.CustomerModule1" time="0.004" errors="0" timestamp="2022-05-07T23:23:03 IST" skipped="0">
  <testcase classname="com.actitime.testscript.CustomerModule1" name="testCreateCustomer" time="0.004"/>
  <system-out>
    <![CDATA[Create Customer]]>
  </system-out>
</testsuite> <!-- com.actitime.testscript.CustomerModule1 -->
