<?xml version="1.0" encoding="UTF-8"?>
<!-- Generated by org.testng.reporters.JUnitReportReporter -->
<testsuite hostname="VIVEK" failures="0" tests="1" name="com.actitime.testscript.CustomerModule" time="0.014" errors="0" timestamp="2022-05-10T10:34:19 IST" skipped="0">
  <testcase classname="com.actitime.testscript.CustomerModule" name="testCreateCustomer" time="0.014"/>
  <system-out>
    <![CDATA[Create customer]]>
  </system-out>
</testsuite> <!-- com.actitime.testscript.CustomerModule -->
